
*** Running vivado
    with args -log next_task_handler_v1_0.vds -m64 -product Vivado -mode batch -messageDb vivado.pb -notrace -source next_task_handler_v1_0.tcl


****** Vivado v2021.2 (64-bit)
  **** SW Build 3367213 on Tue Oct 19 02:47:39 MDT 2021
  **** IP Build 3369179 on Thu Oct 21 08:25:16 MDT 2021
    ** Copyright 1986-2021 Xilinx, Inc. All Rights Reserved.

source next_task_handler_v1_0.tcl -notrace
create_project: Time (s): cpu = 00:00:09 ; elapsed = 00:00:08 . Memory (MB): peak = 2684.555 ; gain = 0.992 ; free physical = 8031 ; free virtual = 18206
INFO: [IP_Flow 19-234] Refreshing IP repositories
INFO: [IP_Flow 19-1700] Loaded user IP repository '/home/bosp/workspace/ip_repo/next_task_handler_1.0'.
WARNING: [IP_Flow 19-2207] Repository '/home/bosp/workspace/ip_repo/next_task_handler_1.0' already exists; ignoring attempt to add it again.
INFO: [IP_Flow 19-1700] Loaded user IP repository '/home/bosp/workspace/ip_repo/next_task_handler_1.0'.
INFO: [IP_Flow 19-2313] Loaded Vivado IP repository '/opt/Xilinx/Vivado/2021.2/data/ip'.
Command: synth_design -top next_task_handler_v1_0 -part xc7z100ffg900-1
Starting synth_design
Attempting to get a license for feature 'Synthesis' and/or device 'xc7z100'
INFO: [Common 17-349] Got license for feature 'Synthesis' and/or device 'xc7z100'
INFO: [Synth 8-7079] Multithreading enabled for synth_design using a maximum of 4 processes.
INFO: [Synth 8-7078] Launching helper process for spawning children vivado processes
INFO: [Synth 8-7075] Helper process launched with PID 395035
---------------------------------------------------------------------------------
Starting Synthesize : Time (s): cpu = 00:00:06 ; elapsed = 00:00:07 . Memory (MB): peak = 2692.559 ; gain = 0.000 ; free physical = 7023 ; free virtual = 17198
---------------------------------------------------------------------------------
INFO: [Synth 8-6157] synthesizing module 'next_task_handler_v1_0' [/home/bosp/workspace/ip_repo/next_task_handler_1.0/hdl/next_task_handler_v1_0.v:4]
INFO: [Synth 8-6157] synthesizing module 'next_task_handler_v1_0_S00_AXI' [/home/bosp/workspace/ip_repo/next_task_handler_1.0/hdl/next_task_handler_v1_0_S00_AXI.v:4]
	Parameter C_S_AXI_DATA_WIDTH bound to: 32 - type: integer 
	Parameter C_S_AXI_ADDR_WIDTH bound to: 4 - type: integer 
INFO: [Synth 8-226] default block is never used [/home/bosp/workspace/ip_repo/next_task_handler_1.0/hdl/next_task_handler_v1_0_S00_AXI.v:231]
INFO: [Synth 8-226] default block is never used [/home/bosp/workspace/ip_repo/next_task_handler_1.0/hdl/next_task_handler_v1_0_S00_AXI.v:372]
INFO: [Synth 8-6155] done synthesizing module 'next_task_handler_v1_0_S00_AXI' (1#1) [/home/bosp/workspace/ip_repo/next_task_handler_1.0/hdl/next_task_handler_v1_0_S00_AXI.v:4]
INFO: [Synth 8-6157] synthesizing module 'next_task_handler_v1_0_S_AXI_INTR' [/home/bosp/workspace/ip_repo/next_task_handler_1.0/hdl/next_task_handler_v1_0_S_AXI_INTR.v:4]
	Parameter C_S_AXI_DATA_WIDTH bound to: 32 - type: integer 
	Parameter C_S_AXI_ADDR_WIDTH bound to: 5 - type: integer 
	Parameter C_NUM_OF_INTR bound to: 1 - type: integer 
	Parameter C_INTR_SENSITIVITY bound to: -1 - type: integer 
	Parameter C_INTR_ACTIVE_STATE bound to: -1 - type: integer 
	Parameter C_IRQ_SENSITIVITY bound to: 1 - type: integer 
	Parameter C_IRQ_ACTIVE_STATE bound to: 1 - type: integer 
WARNING: [Synth 8-6014] Unused sequential element intr_all_ff_reg was removed.  [/home/bosp/workspace/ip_repo/next_task_handler_1.0/hdl/next_task_handler_v1_0_S_AXI_INTR.v:528]
INFO: [Synth 8-6155] done synthesizing module 'next_task_handler_v1_0_S_AXI_INTR' (2#1) [/home/bosp/workspace/ip_repo/next_task_handler_1.0/hdl/next_task_handler_v1_0_S_AXI_INTR.v:4]
INFO: [Synth 8-155] case statement is not full and has no default [/home/bosp/workspace/ip_repo/next_task_handler_1.0/hdl/next_task_handler_v1_0.v:709]
WARNING: [Synth 8-6014] Unused sequential element start_single_read_reg was removed.  [/home/bosp/workspace/ip_repo/next_task_handler_1.0/hdl/next_task_handler_v1_0.v:701]
WARNING: [Synth 8-6014] Unused sequential element read_issued_reg was removed.  [/home/bosp/workspace/ip_repo/next_task_handler_1.0/hdl/next_task_handler_v1_0.v:702]
WARNING: [Synth 8-3848] Net axi_araddr in module/entity next_task_handler_v1_0 does not have driver. [/home/bosp/workspace/ip_repo/next_task_handler_1.0/hdl/next_task_handler_v1_0.v:273]
WARNING: [Synth 8-3848] Net axi_arvalid in module/entity next_task_handler_v1_0 does not have driver. [/home/bosp/workspace/ip_repo/next_task_handler_1.0/hdl/next_task_handler_v1_0.v:263]
WARNING: [Synth 8-3848] Net axi_rready in module/entity next_task_handler_v1_0 does not have driver. [/home/bosp/workspace/ip_repo/next_task_handler_1.0/hdl/next_task_handler_v1_0.v:265]
INFO: [Synth 8-6155] done synthesizing module 'next_task_handler_v1_0' (3#1) [/home/bosp/workspace/ip_repo/next_task_handler_1.0/hdl/next_task_handler_v1_0.v:4]
WARNING: [Synth 8-3917] design next_task_handler_v1_0 has port M_AXI_AWPROT[2] driven by constant 0
WARNING: [Synth 8-3917] design next_task_handler_v1_0 has port M_AXI_AWPROT[1] driven by constant 0
WARNING: [Synth 8-3917] design next_task_handler_v1_0 has port M_AXI_AWPROT[0] driven by constant 0
WARNING: [Synth 8-3917] design next_task_handler_v1_0 has port M_AXI_WSTRB[3] driven by constant 1
WARNING: [Synth 8-3917] design next_task_handler_v1_0 has port M_AXI_WSTRB[2] driven by constant 1
WARNING: [Synth 8-3917] design next_task_handler_v1_0 has port M_AXI_WSTRB[1] driven by constant 1
WARNING: [Synth 8-3917] design next_task_handler_v1_0 has port M_AXI_WSTRB[0] driven by constant 1
WARNING: [Synth 8-3917] design next_task_handler_v1_0 has port M_AXI_ARPROT[2] driven by constant 0
WARNING: [Synth 8-3917] design next_task_handler_v1_0 has port M_AXI_ARPROT[1] driven by constant 0
WARNING: [Synth 8-3917] design next_task_handler_v1_0 has port M_AXI_ARPROT[0] driven by constant 1
WARNING: [Synth 8-7129] Port S_AXI_AWPROT[2] in module next_task_handler_v1_0_S_AXI_INTR is either unconnected or has no load
WARNING: [Synth 8-7129] Port S_AXI_AWPROT[1] in module next_task_handler_v1_0_S_AXI_INTR is either unconnected or has no load
WARNING: [Synth 8-7129] Port S_AXI_AWPROT[0] in module next_task_handler_v1_0_S_AXI_INTR is either unconnected or has no load
WARNING: [Synth 8-7129] Port S_AXI_WDATA[31] in module next_task_handler_v1_0_S_AXI_INTR is either unconnected or has no load
WARNING: [Synth 8-7129] Port S_AXI_WDATA[30] in module next_task_handler_v1_0_S_AXI_INTR is either unconnected or has no load
WARNING: [Synth 8-7129] Port S_AXI_WDATA[29] in module next_task_handler_v1_0_S_AXI_INTR is either unconnected or has no load
WARNING: [Synth 8-7129] Port S_AXI_WDATA[28] in module next_task_handler_v1_0_S_AXI_INTR is either unconnected or has no load
WARNING: [Synth 8-7129] Port S_AXI_WDATA[27] in module next_task_handler_v1_0_S_AXI_INTR is either unconnected or has no load
WARNING: [Synth 8-7129] Port S_AXI_WDATA[26] in module next_task_handler_v1_0_S_AXI_INTR is either unconnected or has no load
WARNING: [Synth 8-7129] Port S_AXI_WDATA[25] in module next_task_handler_v1_0_S_AXI_INTR is either unconnected or has no load
WARNING: [Synth 8-7129] Port S_AXI_WDATA[24] in module next_task_handler_v1_0_S_AXI_INTR is either unconnected or has no load
WARNING: [Synth 8-7129] Port S_AXI_WDATA[23] in module next_task_handler_v1_0_S_AXI_INTR is either unconnected or has no load
WARNING: [Synth 8-7129] Port S_AXI_WDATA[22] in module next_task_handler_v1_0_S_AXI_INTR is either unconnected or has no load
WARNING: [Synth 8-7129] Port S_AXI_WDATA[21] in module next_task_handler_v1_0_S_AXI_INTR is either unconnected or has no load
WARNING: [Synth 8-7129] Port S_AXI_WDATA[20] in module next_task_handler_v1_0_S_AXI_INTR is either unconnected or has no load
WARNING: [Synth 8-7129] Port S_AXI_WDATA[19] in module next_task_handler_v1_0_S_AXI_INTR is either unconnected or has no load
WARNING: [Synth 8-7129] Port S_AXI_WDATA[18] in module next_task_handler_v1_0_S_AXI_INTR is either unconnected or has no load
WARNING: [Synth 8-7129] Port S_AXI_WDATA[17] in module next_task_handler_v1_0_S_AXI_INTR is either unconnected or has no load
WARNING: [Synth 8-7129] Port S_AXI_WDATA[16] in module next_task_handler_v1_0_S_AXI_INTR is either unconnected or has no load
WARNING: [Synth 8-7129] Port S_AXI_WDATA[15] in module next_task_handler_v1_0_S_AXI_INTR is either unconnected or has no load
WARNING: [Synth 8-7129] Port S_AXI_WDATA[14] in module next_task_handler_v1_0_S_AXI_INTR is either unconnected or has no load
WARNING: [Synth 8-7129] Port S_AXI_WDATA[13] in module next_task_handler_v1_0_S_AXI_INTR is either unconnected or has no load
WARNING: [Synth 8-7129] Port S_AXI_WDATA[12] in module next_task_handler_v1_0_S_AXI_INTR is either unconnected or has no load
WARNING: [Synth 8-7129] Port S_AXI_WDATA[11] in module next_task_handler_v1_0_S_AXI_INTR is either unconnected or has no load
WARNING: [Synth 8-7129] Port S_AXI_WDATA[10] in module next_task_handler_v1_0_S_AXI_INTR is either unconnected or has no load
WARNING: [Synth 8-7129] Port S_AXI_WDATA[9] in module next_task_handler_v1_0_S_AXI_INTR is either unconnected or has no load
WARNING: [Synth 8-7129] Port S_AXI_WDATA[8] in module next_task_handler_v1_0_S_AXI_INTR is either unconnected or has no load
WARNING: [Synth 8-7129] Port S_AXI_WDATA[7] in module next_task_handler_v1_0_S_AXI_INTR is either unconnected or has no load
WARNING: [Synth 8-7129] Port S_AXI_WDATA[6] in module next_task_handler_v1_0_S_AXI_INTR is either unconnected or has no load
WARNING: [Synth 8-7129] Port S_AXI_WDATA[5] in module next_task_handler_v1_0_S_AXI_INTR is either unconnected or has no load
WARNING: [Synth 8-7129] Port S_AXI_WDATA[4] in module next_task_handler_v1_0_S_AXI_INTR is either unconnected or has no load
WARNING: [Synth 8-7129] Port S_AXI_WDATA[3] in module next_task_handler_v1_0_S_AXI_INTR is either unconnected or has no load
WARNING: [Synth 8-7129] Port S_AXI_WDATA[2] in module next_task_handler_v1_0_S_AXI_INTR is either unconnected or has no load
WARNING: [Synth 8-7129] Port S_AXI_WDATA[1] in module next_task_handler_v1_0_S_AXI_INTR is either unconnected or has no load
WARNING: [Synth 8-7129] Port S_AXI_WSTRB[3] in module next_task_handler_v1_0_S_AXI_INTR is either unconnected or has no load
WARNING: [Synth 8-7129] Port S_AXI_WSTRB[2] in module next_task_handler_v1_0_S_AXI_INTR is either unconnected or has no load
WARNING: [Synth 8-7129] Port S_AXI_WSTRB[1] in module next_task_handler_v1_0_S_AXI_INTR is either unconnected or has no load
WARNING: [Synth 8-7129] Port S_AXI_WSTRB[0] in module next_task_handler_v1_0_S_AXI_INTR is either unconnected or has no load
WARNING: [Synth 8-7129] Port S_AXI_ARPROT[2] in module next_task_handler_v1_0_S_AXI_INTR is either unconnected or has no load
WARNING: [Synth 8-7129] Port S_AXI_ARPROT[1] in module next_task_handler_v1_0_S_AXI_INTR is either unconnected or has no load
WARNING: [Synth 8-7129] Port S_AXI_ARPROT[0] in module next_task_handler_v1_0_S_AXI_INTR is either unconnected or has no load
WARNING: [Synth 8-7129] Port S_AXI_AWPROT[2] in module next_task_handler_v1_0_S00_AXI is either unconnected or has no load
WARNING: [Synth 8-7129] Port S_AXI_AWPROT[1] in module next_task_handler_v1_0_S00_AXI is either unconnected or has no load
WARNING: [Synth 8-7129] Port S_AXI_AWPROT[0] in module next_task_handler_v1_0_S00_AXI is either unconnected or has no load
WARNING: [Synth 8-7129] Port S_AXI_ARPROT[2] in module next_task_handler_v1_0_S00_AXI is either unconnected or has no load
WARNING: [Synth 8-7129] Port S_AXI_ARPROT[1] in module next_task_handler_v1_0_S00_AXI is either unconnected or has no load
WARNING: [Synth 8-7129] Port S_AXI_ARPROT[0] in module next_task_handler_v1_0_S00_AXI is either unconnected or has no load
WARNING: [Synth 8-7129] Port M_AXI_ARVALID in module next_task_handler_v1_0 is either unconnected or has no load
WARNING: [Synth 8-7129] Port M_AXI_RREADY in module next_task_handler_v1_0 is either unconnected or has no load
WARNING: [Synth 8-7129] Port M_AXI_BRESP[1] in module next_task_handler_v1_0 is either unconnected or has no load
WARNING: [Synth 8-7129] Port M_AXI_BRESP[0] in module next_task_handler_v1_0 is either unconnected or has no load
WARNING: [Synth 8-7129] Port M_AXI_ARREADY in module next_task_handler_v1_0 is either unconnected or has no load
WARNING: [Synth 8-7129] Port M_AXI_RDATA[31] in module next_task_handler_v1_0 is either unconnected or has no load
WARNING: [Synth 8-7129] Port M_AXI_RDATA[30] in module next_task_handler_v1_0 is either unconnected or has no load
WARNING: [Synth 8-7129] Port M_AXI_RDATA[29] in module next_task_handler_v1_0 is either unconnected or has no load
WARNING: [Synth 8-7129] Port M_AXI_RDATA[28] in module next_task_handler_v1_0 is either unconnected or has no load
WARNING: [Synth 8-7129] Port M_AXI_RDATA[27] in module next_task_handler_v1_0 is either unconnected or has no load
WARNING: [Synth 8-7129] Port M_AXI_RDATA[26] in module next_task_handler_v1_0 is either unconnected or has no load
WARNING: [Synth 8-7129] Port M_AXI_RDATA[25] in module next_task_handler_v1_0 is either unconnected or has no load
WARNING: [Synth 8-7129] Port M_AXI_RDATA[24] in module next_task_handler_v1_0 is either unconnected or has no load
WARNING: [Synth 8-7129] Port M_AXI_RDATA[23] in module next_task_handler_v1_0 is either unconnected or has no load
WARNING: [Synth 8-7129] Port M_AXI_RDATA[22] in module next_task_handler_v1_0 is either unconnected or has no load
WARNING: [Synth 8-7129] Port M_AXI_RDATA[21] in module next_task_handler_v1_0 is either unconnected or has no load
WARNING: [Synth 8-7129] Port M_AXI_RDATA[20] in module next_task_handler_v1_0 is either unconnected or has no load
WARNING: [Synth 8-7129] Port M_AXI_RDATA[19] in module next_task_handler_v1_0 is either unconnected or has no load
WARNING: [Synth 8-7129] Port M_AXI_RDATA[18] in module next_task_handler_v1_0 is either unconnected or has no load
WARNING: [Synth 8-7129] Port M_AXI_RDATA[17] in module next_task_handler_v1_0 is either unconnected or has no load
WARNING: [Synth 8-7129] Port M_AXI_RDATA[16] in module next_task_handler_v1_0 is either unconnected or has no load
WARNING: [Synth 8-7129] Port M_AXI_RDATA[15] in module next_task_handler_v1_0 is either unconnected or has no load
WARNING: [Synth 8-7129] Port M_AXI_RDATA[14] in module next_task_handler_v1_0 is either unconnected or has no load
WARNING: [Synth 8-7129] Port M_AXI_RDATA[13] in module next_task_handler_v1_0 is either unconnected or has no load
WARNING: [Synth 8-7129] Port M_AXI_RDATA[12] in module next_task_handler_v1_0 is either unconnected or has no load
WARNING: [Synth 8-7129] Port M_AXI_RDATA[11] in module next_task_handler_v1_0 is either unconnected or has no load
WARNING: [Synth 8-7129] Port M_AXI_RDATA[10] in module next_task_handler_v1_0 is either unconnected or has no load
WARNING: [Synth 8-7129] Port M_AXI_RDATA[9] in module next_task_handler_v1_0 is either unconnected or has no load
WARNING: [Synth 8-7129] Port M_AXI_RDATA[8] in module next_task_handler_v1_0 is either unconnected or has no load
WARNING: [Synth 8-7129] Port M_AXI_RDATA[7] in module next_task_handler_v1_0 is either unconnected or has no load
WARNING: [Synth 8-7129] Port M_AXI_RDATA[6] in module next_task_handler_v1_0 is either unconnected or has no load
WARNING: [Synth 8-7129] Port M_AXI_RDATA[5] in module next_task_handler_v1_0 is either unconnected or has no load
WARNING: [Synth 8-7129] Port M_AXI_RDATA[4] in module next_task_handler_v1_0 is either unconnected or has no load
WARNING: [Synth 8-7129] Port M_AXI_RDATA[3] in module next_task_handler_v1_0 is either unconnected or has no load
WARNING: [Synth 8-7129] Port M_AXI_RDATA[2] in module next_task_handler_v1_0 is either unconnected or has no load
WARNING: [Synth 8-7129] Port M_AXI_RDATA[1] in module next_task_handler_v1_0 is either unconnected or has no load
WARNING: [Synth 8-7129] Port M_AXI_RDATA[0] in module next_task_handler_v1_0 is either unconnected or has no load
WARNING: [Synth 8-7129] Port M_AXI_RRESP[1] in module next_task_handler_v1_0 is either unconnected or has no load
WARNING: [Synth 8-7129] Port M_AXI_RRESP[0] in module next_task_handler_v1_0 is either unconnected or has no load
WARNING: [Synth 8-7129] Port M_AXI_RVALID in module next_task_handler_v1_0 is either unconnected or has no load
---------------------------------------------------------------------------------
Finished Synthesize : Time (s): cpu = 00:00:08 ; elapsed = 00:00:09 . Memory (MB): peak = 2692.559 ; gain = 0.000 ; free physical = 6732 ; free virtual = 16908
---------------------------------------------------------------------------------
---------------------------------------------------------------------------------
Finished Constraint Validation : Time (s): cpu = 00:00:10 ; elapsed = 00:00:10 . Memory (MB): peak = 2692.559 ; gain = 0.000 ; free physical = 6735 ; free virtual = 16910
---------------------------------------------------------------------------------
---------------------------------------------------------------------------------
Start Loading Part and Timing Information
---------------------------------------------------------------------------------
Loading part: xc7z100ffg900-1
---------------------------------------------------------------------------------
Finished Loading Part and Timing Information : Time (s): cpu = 00:00:10 ; elapsed = 00:00:10 . Memory (MB): peak = 2700.562 ; gain = 8.004 ; free physical = 6735 ; free virtual = 16910
---------------------------------------------------------------------------------
INFO: [Device 21-403] Loading part xc7z100ffg900-1
INFO: [Synth 8-802] inferred FSM for state register 'mst_exec_state_reg' in module 'next_task_handler_v1_0'
---------------------------------------------------------------------------------------------------
                   State |                     New Encoding |                Previous Encoding 
---------------------------------------------------------------------------------------------------
                    IDLE |                                0 |                               00
              INIT_WRITE |                                1 |                               01
---------------------------------------------------------------------------------------------------
INFO: [Synth 8-3354] encoded FSM with state register 'mst_exec_state_reg' using encoding 'sequential' in module 'next_task_handler_v1_0'
---------------------------------------------------------------------------------
Finished RTL Optimization Phase 2 : Time (s): cpu = 00:00:10 ; elapsed = 00:00:11 . Memory (MB): peak = 2700.562 ; gain = 8.004 ; free physical = 7580 ; free virtual = 17756
---------------------------------------------------------------------------------
No constraint files found.
---------------------------------------------------------------------------------
Start RTL Component Statistics 
---------------------------------------------------------------------------------
Detailed RTL Component Info : 
+---Adders : 
	   2 Input   32 Bit       Adders := 2     
	   2 Input    1 Bit       Adders := 1     
+---Registers : 
	               32 Bit    Registers := 8     
	                5 Bit    Registers := 2     
	                4 Bit    Registers := 2     
	                2 Bit    Registers := 4     
	                1 Bit    Registers := 35    
+---Muxes : 
	   2 Input   32 Bit        Muxes := 6     
	   4 Input   32 Bit        Muxes := 5     
	   2 Input    1 Bit        Muxes := 22    
---------------------------------------------------------------------------------
Finished RTL Component Statistics 
---------------------------------------------------------------------------------
---------------------------------------------------------------------------------
Start Part Resource Summary
---------------------------------------------------------------------------------
Part Resources:
DSPs: 2020 (col length:140)
BRAMs: 1510 (col length: RAMB18 140 RAMB36 70)
---------------------------------------------------------------------------------
Finished Part Resource Summary
---------------------------------------------------------------------------------
No constraint files found.
---------------------------------------------------------------------------------
Start Cross Boundary and Area Optimization
---------------------------------------------------------------------------------
WARNING: [Synth 8-7080] Parallel synthesis criteria is not met
WARNING: [Synth 8-3917] design next_task_handler_v1_0 has port M_AXI_AWPROT[2] driven by constant 0
WARNING: [Synth 8-3917] design next_task_handler_v1_0 has port M_AXI_AWPROT[1] driven by constant 0
WARNING: [Synth 8-3917] design next_task_handler_v1_0 has port M_AXI_AWPROT[0] driven by constant 0
WARNING: [Synth 8-3917] design next_task_handler_v1_0 has port M_AXI_WSTRB[3] driven by constant 1
WARNING: [Synth 8-3917] design next_task_handler_v1_0 has port M_AXI_WSTRB[2] driven by constant 1
WARNING: [Synth 8-3917] design next_task_handler_v1_0 has port M_AXI_WSTRB[1] driven by constant 1
WARNING: [Synth 8-3917] design next_task_handler_v1_0 has port M_AXI_WSTRB[0] driven by constant 1
WARNING: [Synth 8-3917] design next_task_handler_v1_0 has port M_AXI_ARPROT[2] driven by constant 0
WARNING: [Synth 8-3917] design next_task_handler_v1_0 has port M_AXI_ARPROT[1] driven by constant 0
WARNING: [Synth 8-3917] design next_task_handler_v1_0 has port M_AXI_ARPROT[0] driven by constant 1
WARNING: [Synth 8-7129] Port M_AXI_ARVALID in module next_task_handler_v1_0 is either unconnected or has no load
WARNING: [Synth 8-7129] Port M_AXI_RREADY in module next_task_handler_v1_0 is either unconnected or has no load
WARNING: [Synth 8-7129] Port M_AXI_BRESP[1] in module next_task_handler_v1_0 is either unconnected or has no load
WARNING: [Synth 8-7129] Port M_AXI_BRESP[0] in module next_task_handler_v1_0 is either unconnected or has no load
WARNING: [Synth 8-7129] Port M_AXI_ARREADY in module next_task_handler_v1_0 is either unconnected or has no load
WARNING: [Synth 8-7129] Port M_AXI_RDATA[31] in module next_task_handler_v1_0 is either unconnected or has no load
WARNING: [Synth 8-7129] Port M_AXI_RDATA[30] in module next_task_handler_v1_0 is either unconnected or has no load
WARNING: [Synth 8-7129] Port M_AXI_RDATA[29] in module next_task_handler_v1_0 is either unconnected or has no load
WARNING: [Synth 8-7129] Port M_AXI_RDATA[28] in module next_task_handler_v1_0 is either unconnected or has no load
WARNING: [Synth 8-7129] Port M_AXI_RDATA[27] in module next_task_handler_v1_0 is either unconnected or has no load
WARNING: [Synth 8-7129] Port M_AXI_RDATA[26] in module next_task_handler_v1_0 is either unconnected or has no load
WARNING: [Synth 8-7129] Port M_AXI_RDATA[25] in module next_task_handler_v1_0 is either unconnected or has no load
WARNING: [Synth 8-7129] Port M_AXI_RDATA[24] in module next_task_handler_v1_0 is either unconnected or has no load
INFO: [Common 17-14] Message 'Synth 8-7129' appears 100 times and further instances of the messages will be disabled. Use the Tcl command set_msg_config to change the current settings.
---------------------------------------------------------------------------------
Finished Cross Boundary and Area Optimization : Time (s): cpu = 00:00:20 ; elapsed = 00:00:21 . Memory (MB): peak = 2700.562 ; gain = 8.004 ; free physical = 7287 ; free virtual = 17466
---------------------------------------------------------------------------------
No constraint files found.
---------------------------------------------------------------------------------
Start Timing Optimization
---------------------------------------------------------------------------------
---------------------------------------------------------------------------------
Finished Timing Optimization : Time (s): cpu = 00:00:20 ; elapsed = 00:00:21 . Memory (MB): peak = 2700.562 ; gain = 8.004 ; free physical = 7286 ; free virtual = 17465
---------------------------------------------------------------------------------
---------------------------------------------------------------------------------
Start Technology Mapping
---------------------------------------------------------------------------------
---------------------------------------------------------------------------------
Finished Technology Mapping : Time (s): cpu = 00:00:20 ; elapsed = 00:00:21 . Memory (MB): peak = 2700.562 ; gain = 8.004 ; free physical = 7287 ; free virtual = 17466
---------------------------------------------------------------------------------
---------------------------------------------------------------------------------
Start IO Insertion
---------------------------------------------------------------------------------
---------------------------------------------------------------------------------
Start Flattening Before IO Insertion
---------------------------------------------------------------------------------
---------------------------------------------------------------------------------
Finished Flattening Before IO Insertion
---------------------------------------------------------------------------------
---------------------------------------------------------------------------------
Start Final Netlist Cleanup
---------------------------------------------------------------------------------
---------------------------------------------------------------------------------
Finished Final Netlist Cleanup
---------------------------------------------------------------------------------
---------------------------------------------------------------------------------
Finished IO Insertion : Time (s): cpu = 00:00:27 ; elapsed = 00:00:28 . Memory (MB): peak = 2700.562 ; gain = 8.004 ; free physical = 7287 ; free virtual = 17466
---------------------------------------------------------------------------------
---------------------------------------------------------------------------------
Start Renaming Generated Instances
---------------------------------------------------------------------------------
---------------------------------------------------------------------------------
Finished Renaming Generated Instances : Time (s): cpu = 00:00:27 ; elapsed = 00:00:28 . Memory (MB): peak = 2700.562 ; gain = 8.004 ; free physical = 7287 ; free virtual = 17466
---------------------------------------------------------------------------------
---------------------------------------------------------------------------------
Start Rebuilding User Hierarchy
---------------------------------------------------------------------------------
---------------------------------------------------------------------------------
Finished Rebuilding User Hierarchy : Time (s): cpu = 00:00:27 ; elapsed = 00:00:28 . Memory (MB): peak = 2700.562 ; gain = 8.004 ; free physical = 7287 ; free virtual = 17466
---------------------------------------------------------------------------------
---------------------------------------------------------------------------------
Start Renaming Generated Ports
---------------------------------------------------------------------------------
---------------------------------------------------------------------------------
Finished Renaming Generated Ports : Time (s): cpu = 00:00:27 ; elapsed = 00:00:28 . Memory (MB): peak = 2700.562 ; gain = 8.004 ; free physical = 7287 ; free virtual = 17466
---------------------------------------------------------------------------------
---------------------------------------------------------------------------------
Start Handling Custom Attributes
---------------------------------------------------------------------------------
---------------------------------------------------------------------------------
Finished Handling Custom Attributes : Time (s): cpu = 00:00:27 ; elapsed = 00:00:28 . Memory (MB): peak = 2700.562 ; gain = 8.004 ; free physical = 7287 ; free virtual = 17466
---------------------------------------------------------------------------------
---------------------------------------------------------------------------------
Start Renaming Generated Nets
---------------------------------------------------------------------------------
---------------------------------------------------------------------------------
Finished Renaming Generated Nets : Time (s): cpu = 00:00:27 ; elapsed = 00:00:28 . Memory (MB): peak = 2700.562 ; gain = 8.004 ; free physical = 7287 ; free virtual = 17466
---------------------------------------------------------------------------------
---------------------------------------------------------------------------------
Start Writing Synthesis Report
---------------------------------------------------------------------------------

Report BlackBoxes: 
+-+--------------+----------+
| |BlackBox name |Instances |
+-+--------------+----------+
+-+--------------+----------+

Report Cell Usage: 
+------+------+------+
|      |Cell  |Count |
+------+------+------+
|1     |BUFG  |     3|
|2     |LUT1  |     4|
|3     |LUT2  |    10|
|4     |LUT3  |     9|
|5     |LUT4  |    27|
|6     |LUT5  |     3|
|7     |LUT6  |    41|
|8     |FDRE  |   236|
|9     |FDSE  |     2|
|10    |IBUF  |    99|
|11    |OBUF  |   195|
|12    |OBUFT |     2|
+------+------+------+

Report Instance Areas: 
+------+-----------------------------------------+----------------------------------+------+
|      |Instance                                 |Module                            |Cells |
+------+-----------------------------------------+----------------------------------+------+
|1     |top                                      |                                  |   631|
|2     |  next_task_handler_v1_0_S00_AXI_inst    |next_task_handler_v1_0_S00_AXI    |   227|
|3     |  next_task_handler_v1_0_S_AXI_INTR_inst |next_task_handler_v1_0_S_AXI_INTR |    48|
+------+-----------------------------------------+----------------------------------+------+
---------------------------------------------------------------------------------
Finished Writing Synthesis Report : Time (s): cpu = 00:00:27 ; elapsed = 00:00:28 . Memory (MB): peak = 2700.562 ; gain = 8.004 ; free physical = 7287 ; free virtual = 17466
---------------------------------------------------------------------------------
Synthesis finished with 0 errors, 0 critical warnings and 201 warnings.
Synthesis Optimization Runtime : Time (s): cpu = 00:00:27 ; elapsed = 00:00:28 . Memory (MB): peak = 2700.562 ; gain = 8.004 ; free physical = 7294 ; free virtual = 17473
Synthesis Optimization Complete : Time (s): cpu = 00:00:27 ; elapsed = 00:00:28 . Memory (MB): peak = 2700.570 ; gain = 8.004 ; free physical = 7294 ; free virtual = 17473
INFO: [Project 1-571] Translating synthesized netlist
Netlist sorting complete. Time (s): cpu = 00:00:00.01 ; elapsed = 00:00:00.01 . Memory (MB): peak = 2700.570 ; gain = 0.000 ; free physical = 7384 ; free virtual = 17563
INFO: [Project 1-570] Preparing netlist for logic optimization
INFO: [Opt 31-138] Pushed 0 inverter(s) to 0 load pin(s).
Netlist sorting complete. Time (s): cpu = 00:00:00 ; elapsed = 00:00:00 . Memory (MB): peak = 2740.582 ; gain = 0.000 ; free physical = 7291 ; free virtual = 17470
INFO: [Project 1-111] Unisim Transformation Summary:
No Unisim elements were transformed.

Synth Design complete, checksum: cda9835c
INFO: [Common 17-83] Releasing license: Synthesis
26 Infos, 128 Warnings, 0 Critical Warnings and 0 Errors encountered.
synth_design completed successfully
synth_design: Time (s): cpu = 00:00:43 ; elapsed = 00:00:33 . Memory (MB): peak = 2740.582 ; gain = 56.027 ; free physical = 7483 ; free virtual = 17662
INFO: [Common 17-1381] The checkpoint '/home/bosp/workspace/ip_repo/edit_next_task_handler_v1_0.runs/synth_1/next_task_handler_v1_0.dcp' has been generated.
INFO: [runtcl-4] Executing : report_utilization -file next_task_handler_v1_0_utilization_synth.rpt -pb next_task_handler_v1_0_utilization_synth.pb
INFO: [Common 17-206] Exiting Vivado at Fri Jul 29 17:11:55 2022...
