
*** Running vivado
    with args -log scheduler_v1_0.vds -m64 -product Vivado -mode batch -messageDb vivado.pb -notrace -source scheduler_v1_0.tcl


****** Vivado v2022.2 (64-bit)
  **** SW Build 3671981 on Fri Oct 14 04:59:54 MDT 2022
  **** IP Build 3669848 on Fri Oct 14 08:30:02 MDT 2022
    ** Copyright 1986-2022 Xilinx, Inc. All Rights Reserved.

source scheduler_v1_0.tcl -notrace
create_project: Time (s): cpu = 00:00:11 ; elapsed = 00:00:11 . Memory (MB): peak = 1261.996 ; gain = 0.023 ; free physical = 5424 ; free virtual = 14610
INFO: [IP_Flow 19-234] Refreshing IP repositories
INFO: [IP_Flow 19-1700] Loaded user IP repository '/home/bosp/workspace/ip_repo/scheduler_1.0'.
WARNING: [IP_Flow 19-2207] Repository '/home/bosp/workspace/ip_repo/scheduler_1.0' already exists; ignoring attempt to add it again.
INFO: [IP_Flow 19-1700] Loaded user IP repository '/home/bosp/workspace/ip_repo/scheduler_1.0'.
WARNING: [IP_Flow 19-2248] Failed to load user IP repository '/home/bosp/workspace/ip_repo/next_task_handler_1.0'; Can't find the specified path.
If this directory should no longer be in your list of user repositories, go to the IP Settings dialog and remove it.
WARNING: [IP_Flow 19-2207] Repository '/home/bosp/workspace/ip_repo/next_task_handler_1.0' already exists; ignoring attempt to add it again.
WARNING: [IP_Flow 19-2248] Failed to load user IP repository '/home/bosp/workspace/ip_repo/next_task_handler_1.0'; Can't find the specified path.
If this directory should no longer be in your list of user repositories, go to the IP Settings dialog and remove it.
INFO: [IP_Flow 19-2313] Loaded Vivado IP repository '/opt/tools/Xilinx/Vivado/2022.2/data/ip'.
Command: read_checkpoint -auto_incremental -incremental /home/bosp/workspace/ip_repo/edit_scheduler_v1_0.srcs/utils_1/imports/synth_1/scheduler_v1_0.dcp
INFO: [Vivado 12-5825] Read reference checkpoint from /home/bosp/workspace/ip_repo/edit_scheduler_v1_0.srcs/utils_1/imports/synth_1/scheduler_v1_0.dcp for incremental synthesis
INFO: [Vivado 12-7989] Please ensure there are no constraint changes
Command: synth_design -top scheduler_v1_0 -part xc7z020clg484-1
Starting synth_design
Attempting to get a license for feature 'Synthesis' and/or device 'xc7z020'
INFO: [Common 17-349] Got license for feature 'Synthesis' and/or device 'xc7z020'
INFO: [Synth 8-7079] Multithreading enabled for synth_design using a maximum of 4 processes.
INFO: [Synth 8-7078] Launching helper process for spawning children vivado processes
INFO: [Synth 8-7075] Helper process launched with PID 2470093
INFO: [Synth 8-11241] undeclared symbol 'REGCCE', assumed default net type 'wire' [/opt/tools/Xilinx/Vivado/2022.2/data/verilog/src/unimacro/BRAM_SINGLE_MACRO.v:2170]
WARNING: [Synth 8-6901] identifier 'nextRunningTaskIndex' is used before its declaration [/home/bosp/workspace/ip_repo/scheduler_1.0/hdl/scheduler_v1_0_S_AXI.v:1325]
WARNING: [Synth 8-6901] identifier 'nextRunningTaskIndex' is used before its declaration [/home/bosp/workspace/ip_repo/scheduler_1.0/hdl/scheduler_v1_0_S_AXI.v:1391]
---------------------------------------------------------------------------------
Starting Synthesize : Time (s): cpu = 00:00:08 ; elapsed = 00:00:08 . Memory (MB): peak = 1636.766 ; gain = 374.770 ; free physical = 4856 ; free virtual = 14113
Synthesis current peak Physical Memory [PSS] (MB): peak = 1096.032; parent = 877.798; children = 218.234
Synthesis current peak Virtual Memory [VSS] (MB): peak = 2642.484; parent = 1639.738; children = 1002.746
---------------------------------------------------------------------------------
INFO: [Synth 8-6157] synthesizing module 'scheduler_v1_0' [/home/bosp/workspace/ip_repo/scheduler_1.0/hdl/scheduler_v1_0.v:4]
INFO: [Synth 8-6157] synthesizing module 'scheduler_v1_0_S_AXI' [/home/bosp/workspace/ip_repo/scheduler_1.0/hdl/scheduler_v1_0_S_AXI.v:42]
	Parameter maxTasks bound to: 16 - type: integer 
	Parameter maxReExecutions bound to: 4'b0010 
	Parameter criticalityLevels bound to: 4'b0010 
	Parameter C_S_AXI_DATA_WIDTH bound to: 32 - type: integer 
	Parameter C_S_AXI_ADDR_WIDTH bound to: 14 - type: integer 
INFO: [Synth 8-6157] synthesizing module 'Comparator' [/home/bosp/workspace/ip_repo/scheduler_1.0/hdl/scheduler_v1_0_S_AXI.v:16]
INFO: [Synth 8-6155] done synthesizing module 'Comparator' (0#1) [/home/bosp/workspace/ip_repo/scheduler_1.0/hdl/scheduler_v1_0_S_AXI.v:16]
WARNING: [Synth 8-7071] port 'criticalityX1' of module 'Comparator' is unconnected for instance 'cl1' [/home/bosp/workspace/ip_repo/scheduler_1.0/hdl/scheduler_v1_0_S_AXI.v:1512]
WARNING: [Synth 8-7071] port 'criticalityX2' of module 'Comparator' is unconnected for instance 'cl1' [/home/bosp/workspace/ip_repo/scheduler_1.0/hdl/scheduler_v1_0_S_AXI.v:1512]
WARNING: [Synth 8-7023] instance 'cl1' of module 'Comparator' has 8 connections declared, but only 6 given [/home/bosp/workspace/ip_repo/scheduler_1.0/hdl/scheduler_v1_0_S_AXI.v:1512]
WARNING: [Synth 8-7071] port 'criticalityX1' of module 'Comparator' is unconnected for instance 'cl1' [/home/bosp/workspace/ip_repo/scheduler_1.0/hdl/scheduler_v1_0_S_AXI.v:1512]
WARNING: [Synth 8-7071] port 'criticalityX2' of module 'Comparator' is unconnected for instance 'cl1' [/home/bosp/workspace/ip_repo/scheduler_1.0/hdl/scheduler_v1_0_S_AXI.v:1512]
WARNING: [Synth 8-7023] instance 'cl1' of module 'Comparator' has 8 connections declared, but only 6 given [/home/bosp/workspace/ip_repo/scheduler_1.0/hdl/scheduler_v1_0_S_AXI.v:1512]
WARNING: [Synth 8-7071] port 'criticalityX1' of module 'Comparator' is unconnected for instance 'cl1' [/home/bosp/workspace/ip_repo/scheduler_1.0/hdl/scheduler_v1_0_S_AXI.v:1512]
WARNING: [Synth 8-7071] port 'criticalityX2' of module 'Comparator' is unconnected for instance 'cl1' [/home/bosp/workspace/ip_repo/scheduler_1.0/hdl/scheduler_v1_0_S_AXI.v:1512]
WARNING: [Synth 8-7023] instance 'cl1' of module 'Comparator' has 8 connections declared, but only 6 given [/home/bosp/workspace/ip_repo/scheduler_1.0/hdl/scheduler_v1_0_S_AXI.v:1512]
WARNING: [Synth 8-7071] port 'criticalityX1' of module 'Comparator' is unconnected for instance 'cl1' [/home/bosp/workspace/ip_repo/scheduler_1.0/hdl/scheduler_v1_0_S_AXI.v:1512]
WARNING: [Synth 8-7071] port 'criticalityX2' of module 'Comparator' is unconnected for instance 'cl1' [/home/bosp/workspace/ip_repo/scheduler_1.0/hdl/scheduler_v1_0_S_AXI.v:1512]
WARNING: [Synth 8-7023] instance 'cl1' of module 'Comparator' has 8 connections declared, but only 6 given [/home/bosp/workspace/ip_repo/scheduler_1.0/hdl/scheduler_v1_0_S_AXI.v:1512]
WARNING: [Synth 8-7071] port 'criticalityX1' of module 'Comparator' is unconnected for instance 'cl1' [/home/bosp/workspace/ip_repo/scheduler_1.0/hdl/scheduler_v1_0_S_AXI.v:1512]
WARNING: [Synth 8-7071] port 'criticalityX2' of module 'Comparator' is unconnected for instance 'cl1' [/home/bosp/workspace/ip_repo/scheduler_1.0/hdl/scheduler_v1_0_S_AXI.v:1512]
WARNING: [Synth 8-7023] instance 'cl1' of module 'Comparator' has 8 connections declared, but only 6 given [/home/bosp/workspace/ip_repo/scheduler_1.0/hdl/scheduler_v1_0_S_AXI.v:1512]
WARNING: [Synth 8-7071] port 'criticalityX1' of module 'Comparator' is unconnected for instance 'cl1' [/home/bosp/workspace/ip_repo/scheduler_1.0/hdl/scheduler_v1_0_S_AXI.v:1512]
WARNING: [Synth 8-7071] port 'criticalityX2' of module 'Comparator' is unconnected for instance 'cl1' [/home/bosp/workspace/ip_repo/scheduler_1.0/hdl/scheduler_v1_0_S_AXI.v:1512]
WARNING: [Synth 8-7023] instance 'cl1' of module 'Comparator' has 8 connections declared, but only 6 given [/home/bosp/workspace/ip_repo/scheduler_1.0/hdl/scheduler_v1_0_S_AXI.v:1512]
WARNING: [Synth 8-7071] port 'criticalityX1' of module 'Comparator' is unconnected for instance 'cl1' [/home/bosp/workspace/ip_repo/scheduler_1.0/hdl/scheduler_v1_0_S_AXI.v:1512]
WARNING: [Synth 8-7071] port 'criticalityX2' of module 'Comparator' is unconnected for instance 'cl1' [/home/bosp/workspace/ip_repo/scheduler_1.0/hdl/scheduler_v1_0_S_AXI.v:1512]
WARNING: [Synth 8-7023] instance 'cl1' of module 'Comparator' has 8 connections declared, but only 6 given [/home/bosp/workspace/ip_repo/scheduler_1.0/hdl/scheduler_v1_0_S_AXI.v:1512]
WARNING: [Synth 8-7071] port 'criticalityX1' of module 'Comparator' is unconnected for instance 'cl1' [/home/bosp/workspace/ip_repo/scheduler_1.0/hdl/scheduler_v1_0_S_AXI.v:1512]
WARNING: [Synth 8-7071] port 'criticalityX2' of module 'Comparator' is unconnected for instance 'cl1' [/home/bosp/workspace/ip_repo/scheduler_1.0/hdl/scheduler_v1_0_S_AXI.v:1512]
WARNING: [Synth 8-7023] instance 'cl1' of module 'Comparator' has 8 connections declared, but only 6 given [/home/bosp/workspace/ip_repo/scheduler_1.0/hdl/scheduler_v1_0_S_AXI.v:1512]
WARNING: [Synth 8-7071] port 'criticalityX1' of module 'Comparator' is unconnected for instance 'cl1' [/home/bosp/workspace/ip_repo/scheduler_1.0/hdl/scheduler_v1_0_S_AXI.v:1523]
WARNING: [Synth 8-7071] port 'criticalityX2' of module 'Comparator' is unconnected for instance 'cl1' [/home/bosp/workspace/ip_repo/scheduler_1.0/hdl/scheduler_v1_0_S_AXI.v:1523]
WARNING: [Synth 8-7023] instance 'cl1' of module 'Comparator' has 8 connections declared, but only 6 given [/home/bosp/workspace/ip_repo/scheduler_1.0/hdl/scheduler_v1_0_S_AXI.v:1523]
WARNING: [Synth 8-7071] port 'criticalityX1' of module 'Comparator' is unconnected for instance 'cl1' [/home/bosp/workspace/ip_repo/scheduler_1.0/hdl/scheduler_v1_0_S_AXI.v:1523]
WARNING: [Synth 8-7071] port 'criticalityX2' of module 'Comparator' is unconnected for instance 'cl1' [/home/bosp/workspace/ip_repo/scheduler_1.0/hdl/scheduler_v1_0_S_AXI.v:1523]
WARNING: [Synth 8-7023] instance 'cl1' of module 'Comparator' has 8 connections declared, but only 6 given [/home/bosp/workspace/ip_repo/scheduler_1.0/hdl/scheduler_v1_0_S_AXI.v:1523]
WARNING: [Synth 8-7071] port 'criticalityX1' of module 'Comparator' is unconnected for instance 'cl1' [/home/bosp/workspace/ip_repo/scheduler_1.0/hdl/scheduler_v1_0_S_AXI.v:1523]
WARNING: [Synth 8-7071] port 'criticalityX2' of module 'Comparator' is unconnected for instance 'cl1' [/home/bosp/workspace/ip_repo/scheduler_1.0/hdl/scheduler_v1_0_S_AXI.v:1523]
WARNING: [Synth 8-7023] instance 'cl1' of module 'Comparator' has 8 connections declared, but only 6 given [/home/bosp/workspace/ip_repo/scheduler_1.0/hdl/scheduler_v1_0_S_AXI.v:1523]
WARNING: [Synth 8-7071] port 'criticalityX1' of module 'Comparator' is unconnected for instance 'cl1' [/home/bosp/workspace/ip_repo/scheduler_1.0/hdl/scheduler_v1_0_S_AXI.v:1523]
WARNING: [Synth 8-7071] port 'criticalityX2' of module 'Comparator' is unconnected for instance 'cl1' [/home/bosp/workspace/ip_repo/scheduler_1.0/hdl/scheduler_v1_0_S_AXI.v:1523]
WARNING: [Synth 8-7023] instance 'cl1' of module 'Comparator' has 8 connections declared, but only 6 given [/home/bosp/workspace/ip_repo/scheduler_1.0/hdl/scheduler_v1_0_S_AXI.v:1523]
WARNING: [Synth 8-7071] port 'criticalityX1' of module 'Comparator' is unconnected for instance 'cl1' [/home/bosp/workspace/ip_repo/scheduler_1.0/hdl/scheduler_v1_0_S_AXI.v:1523]
WARNING: [Synth 8-7071] port 'criticalityX2' of module 'Comparator' is unconnected for instance 'cl1' [/home/bosp/workspace/ip_repo/scheduler_1.0/hdl/scheduler_v1_0_S_AXI.v:1523]
WARNING: [Synth 8-7023] instance 'cl1' of module 'Comparator' has 8 connections declared, but only 6 given [/home/bosp/workspace/ip_repo/scheduler_1.0/hdl/scheduler_v1_0_S_AXI.v:1523]
WARNING: [Synth 8-7071] port 'criticalityX1' of module 'Comparator' is unconnected for instance 'cl1' [/home/bosp/workspace/ip_repo/scheduler_1.0/hdl/scheduler_v1_0_S_AXI.v:1523]
WARNING: [Synth 8-7071] port 'criticalityX2' of module 'Comparator' is unconnected for instance 'cl1' [/home/bosp/workspace/ip_repo/scheduler_1.0/hdl/scheduler_v1_0_S_AXI.v:1523]
WARNING: [Synth 8-7023] instance 'cl1' of module 'Comparator' has 8 connections declared, but only 6 given [/home/bosp/workspace/ip_repo/scheduler_1.0/hdl/scheduler_v1_0_S_AXI.v:1523]
WARNING: [Synth 8-7071] port 'criticalityX1' of module 'Comparator' is unconnected for instance 'cl1' [/home/bosp/workspace/ip_repo/scheduler_1.0/hdl/scheduler_v1_0_S_AXI.v:1501]
WARNING: [Synth 8-7071] port 'criticalityX2' of module 'Comparator' is unconnected for instance 'cl1' [/home/bosp/workspace/ip_repo/scheduler_1.0/hdl/scheduler_v1_0_S_AXI.v:1501]
WARNING: [Synth 8-7023] instance 'cl1' of module 'Comparator' has 8 connections declared, but only 6 given [/home/bosp/workspace/ip_repo/scheduler_1.0/hdl/scheduler_v1_0_S_AXI.v:1501]
INFO: [Synth 8-155] case statement is not full and has no default [/home/bosp/workspace/ip_repo/scheduler_1.0/hdl/scheduler_v1_0_S_AXI.v:495]
INFO: [Synth 8-155] case statement is not full and has no default [/home/bosp/workspace/ip_repo/scheduler_1.0/hdl/scheduler_v1_0_S_AXI.v:578]
INFO: [Synth 8-155] case statement is not full and has no default [/home/bosp/workspace/ip_repo/scheduler_1.0/hdl/scheduler_v1_0_S_AXI.v:1205]
INFO: [Synth 8-155] case statement is not full and has no default [/home/bosp/workspace/ip_repo/scheduler_1.0/hdl/scheduler_v1_0_S_AXI.v:1631]
INFO: [Synth 8-6155] done synthesizing module 'scheduler_v1_0_S_AXI' (0#1) [/home/bosp/workspace/ip_repo/scheduler_1.0/hdl/scheduler_v1_0_S_AXI.v:42]
INFO: [Synth 8-6157] synthesizing module 'scheduler_v1_0_M_AXI' [/home/bosp/workspace/ip_repo/scheduler_1.0/hdl/scheduler_v1_0_M_AXI.v:4]
	Parameter C_M_TARGET_SLAVE_BASE_ADDR bound to: 268435456 - type: integer 
	Parameter C_M_AXI_ADDR_WIDTH bound to: 32 - type: integer 
	Parameter C_M_AXI_DATA_WIDTH bound to: 32 - type: integer 
INFO: [Synth 8-155] case statement is not full and has no default [/home/bosp/workspace/ip_repo/scheduler_1.0/hdl/scheduler_v1_0_M_AXI.v:291]
INFO: [Synth 8-155] case statement is not full and has no default [/home/bosp/workspace/ip_repo/scheduler_1.0/hdl/scheduler_v1_0_M_AXI.v:583]
INFO: [Synth 8-6155] done synthesizing module 'scheduler_v1_0_M_AXI' (0#1) [/home/bosp/workspace/ip_repo/scheduler_1.0/hdl/scheduler_v1_0_M_AXI.v:4]
INFO: [Synth 8-6155] done synthesizing module 'scheduler_v1_0' (0#1) [/home/bosp/workspace/ip_repo/scheduler_1.0/hdl/scheduler_v1_0.v:4]
INFO: [Synth 8-6071] Mark debug on the nets applies keep_hierarchy on instance 'scheduler_v1_0_S_AXI_inst'. This will prevent further optimization [/home/bosp/workspace/ip_repo/scheduler_1.0/hdl/scheduler_v1_0.v:136]
INFO: [Synth 8-6071] Mark debug on the nets applies keep_hierarchy on instance 'Comp[3].InternalComp[0].cl1'. This will prevent further optimization [/home/bosp/workspace/ip_repo/scheduler_1.0/hdl/scheduler_v1_0_S_AXI.v:1501]
WARNING: [Synth 8-6026] Ignoring keep related attribute (keep/mark_debug/dont_touch) applied on memory [/home/bosp/workspace/ip_repo/scheduler_1.0/hdl/scheduler_v1_0_S_AXI.v:263]
WARNING: [Synth 8-6014] Unused sequential element intr_all_ff_reg was removed.  [/home/bosp/workspace/ip_repo/scheduler_1.0/hdl/scheduler_v1_0_S_AXI.v:858]
WARNING: [Synth 8-6014] Unused sequential element stateRunning.runningTaskReactivated_pulse_reg was removed.  [/home/bosp/workspace/ip_repo/scheduler_1.0/hdl/scheduler_v1_0_S_AXI.v:1261]
WARNING: [Synth 8-6014] Unused sequential element stateRunning.WCETexceeded_pulse_reg was removed.  [/home/bosp/workspace/ip_repo/scheduler_1.0/hdl/scheduler_v1_0_S_AXI.v:1268]
WARNING: [Synth 8-6014] Unused sequential element stateRunning.controlEndRunningJob_pulse_reg was removed.  [/home/bosp/workspace/ip_repo/scheduler_1.0/hdl/scheduler_v1_0_S_AXI.v:1272]
WARNING: [Synth 8-6014] Unused sequential element stateRunning.controlEndNotRunningJob_pulse_reg was removed.  [/home/bosp/workspace/ip_repo/scheduler_1.0/hdl/scheduler_v1_0_S_AXI.v:1275]
WARNING: [Synth 8-6014] Unused sequential element stateRunning.controlRestartJobFault_pulse_reg was removed.  [/home/bosp/workspace/ip_repo/scheduler_1.0/hdl/scheduler_v1_0_S_AXI.v:1279]
WARNING: [Synth 8-6014] Unused sequential element stateRunning.failedTask_valid_unified_pulse_reg was removed.  [/home/bosp/workspace/ip_repo/scheduler_1.0/hdl/scheduler_v1_0_S_AXI.v:1281]
WARNING: [Synth 8-6014] Unused sequential element stateRunning.failedTask_taskId_unified_reg was removed.  [/home/bosp/workspace/ip_repo/scheduler_1.0/hdl/scheduler_v1_0_S_AXI.v:1285]
WARNING: [Synth 8-6014] Unused sequential element stateRunning.failedTask_executionId_unified_reg was removed.  [/home/bosp/workspace/ip_repo/scheduler_1.0/hdl/scheduler_v1_0_S_AXI.v:1286]
WARNING: [Synth 8-6014] Unused sequential element stateRunning.newRunningTaskDeadline_reg was removed.  [/home/bosp/workspace/ip_repo/scheduler_1.0/hdl/scheduler_v1_0_S_AXI.v:1305]
WARNING: [Synth 8-3848] Net led1 in module/entity scheduler_v1_0_S_AXI does not have driver. [/home/bosp/workspace/ip_repo/scheduler_1.0/hdl/scheduler_v1_0_S_AXI.v:85]
WARNING: [Synth 8-3848] Net led2 in module/entity scheduler_v1_0_S_AXI does not have driver. [/home/bosp/workspace/ip_repo/scheduler_1.0/hdl/scheduler_v1_0_S_AXI.v:86]
WARNING: [Synth 8-3848] Net led3 in module/entity scheduler_v1_0_S_AXI does not have driver. [/home/bosp/workspace/ip_repo/scheduler_1.0/hdl/scheduler_v1_0_S_AXI.v:87]
WARNING: [Synth 8-3848] Net led4 in module/entity scheduler_v1_0_S_AXI does not have driver. [/home/bosp/workspace/ip_repo/scheduler_1.0/hdl/scheduler_v1_0_S_AXI.v:88]
WARNING: [Synth 8-3848] Net led5 in module/entity scheduler_v1_0_S_AXI does not have driver. [/home/bosp/workspace/ip_repo/scheduler_1.0/hdl/scheduler_v1_0_S_AXI.v:89]
WARNING: [Synth 8-6014] Unused sequential element start_single_read_reg was removed.  [/home/bosp/workspace/ip_repo/scheduler_1.0/hdl/scheduler_v1_0_M_AXI.v:575]
WARNING: [Synth 8-6014] Unused sequential element read_issued_reg was removed.  [/home/bosp/workspace/ip_repo/scheduler_1.0/hdl/scheduler_v1_0_M_AXI.v:576]
WARNING: [Synth 8-3848] Net axi_araddr in module/entity scheduler_v1_0_M_AXI does not have driver. [/home/bosp/workspace/ip_repo/scheduler_1.0/hdl/scheduler_v1_0_M_AXI.v:147]
WARNING: [Synth 8-3848] Net axi_arvalid in module/entity scheduler_v1_0_M_AXI does not have driver. [/home/bosp/workspace/ip_repo/scheduler_1.0/hdl/scheduler_v1_0_M_AXI.v:137]
WARNING: [Synth 8-3848] Net axi_rready in module/entity scheduler_v1_0_M_AXI does not have driver. [/home/bosp/workspace/ip_repo/scheduler_1.0/hdl/scheduler_v1_0_M_AXI.v:139]
WARNING: [Synth 8-7129] Port M_AXI_ARVALID in module scheduler_v1_0_M_AXI is either unconnected or has no load
WARNING: [Synth 8-7129] Port M_AXI_RREADY in module scheduler_v1_0_M_AXI is either unconnected or has no load
WARNING: [Synth 8-7129] Port M_AXI_BRESP[1] in module scheduler_v1_0_M_AXI is either unconnected or has no load
WARNING: [Synth 8-7129] Port M_AXI_BRESP[0] in module scheduler_v1_0_M_AXI is either unconnected or has no load
WARNING: [Synth 8-7129] Port M_AXI_ARREADY in module scheduler_v1_0_M_AXI is either unconnected or has no load
WARNING: [Synth 8-7129] Port M_AXI_RDATA[31] in module scheduler_v1_0_M_AXI is either unconnected or has no load
WARNING: [Synth 8-7129] Port M_AXI_RDATA[30] in module scheduler_v1_0_M_AXI is either unconnected or has no load
WARNING: [Synth 8-7129] Port M_AXI_RDATA[29] in module scheduler_v1_0_M_AXI is either unconnected or has no load
WARNING: [Synth 8-7129] Port M_AXI_RDATA[28] in module scheduler_v1_0_M_AXI is either unconnected or has no load
WARNING: [Synth 8-7129] Port M_AXI_RDATA[27] in module scheduler_v1_0_M_AXI is either unconnected or has no load
WARNING: [Synth 8-7129] Port M_AXI_RDATA[26] in module scheduler_v1_0_M_AXI is either unconnected or has no load
WARNING: [Synth 8-7129] Port M_AXI_RDATA[25] in module scheduler_v1_0_M_AXI is either unconnected or has no load
WARNING: [Synth 8-7129] Port M_AXI_RDATA[24] in module scheduler_v1_0_M_AXI is either unconnected or has no load
WARNING: [Synth 8-7129] Port M_AXI_RDATA[23] in module scheduler_v1_0_M_AXI is either unconnected or has no load
WARNING: [Synth 8-7129] Port M_AXI_RDATA[22] in module scheduler_v1_0_M_AXI is either unconnected or has no load
WARNING: [Synth 8-7129] Port M_AXI_RDATA[21] in module scheduler_v1_0_M_AXI is either unconnected or has no load
WARNING: [Synth 8-7129] Port M_AXI_RDATA[20] in module scheduler_v1_0_M_AXI is either unconnected or has no load
WARNING: [Synth 8-7129] Port M_AXI_RDATA[19] in module scheduler_v1_0_M_AXI is either unconnected or has no load
WARNING: [Synth 8-7129] Port M_AXI_RDATA[18] in module scheduler_v1_0_M_AXI is either unconnected or has no load
WARNING: [Synth 8-7129] Port M_AXI_RDATA[17] in module scheduler_v1_0_M_AXI is either unconnected or has no load
WARNING: [Synth 8-7129] Port M_AXI_RDATA[16] in module scheduler_v1_0_M_AXI is either unconnected or has no load
WARNING: [Synth 8-7129] Port M_AXI_RDATA[15] in module scheduler_v1_0_M_AXI is either unconnected or has no load
WARNING: [Synth 8-7129] Port M_AXI_RDATA[14] in module scheduler_v1_0_M_AXI is either unconnected or has no load
WARNING: [Synth 8-7129] Port M_AXI_RDATA[13] in module scheduler_v1_0_M_AXI is either unconnected or has no load
WARNING: [Synth 8-7129] Port M_AXI_RDATA[12] in module scheduler_v1_0_M_AXI is either unconnected or has no load
WARNING: [Synth 8-7129] Port M_AXI_RDATA[11] in module scheduler_v1_0_M_AXI is either unconnected or has no load
WARNING: [Synth 8-7129] Port M_AXI_RDATA[10] in module scheduler_v1_0_M_AXI is either unconnected or has no load
WARNING: [Synth 8-7129] Port M_AXI_RDATA[9] in module scheduler_v1_0_M_AXI is either unconnected or has no load
WARNING: [Synth 8-7129] Port M_AXI_RDATA[8] in module scheduler_v1_0_M_AXI is either unconnected or has no load
WARNING: [Synth 8-7129] Port M_AXI_RDATA[7] in module scheduler_v1_0_M_AXI is either unconnected or has no load
WARNING: [Synth 8-7129] Port M_AXI_RDATA[6] in module scheduler_v1_0_M_AXI is either unconnected or has no load
WARNING: [Synth 8-7129] Port M_AXI_RDATA[5] in module scheduler_v1_0_M_AXI is either unconnected or has no load
WARNING: [Synth 8-7129] Port M_AXI_RDATA[4] in module scheduler_v1_0_M_AXI is either unconnected or has no load
WARNING: [Synth 8-7129] Port M_AXI_RDATA[3] in module scheduler_v1_0_M_AXI is either unconnected or has no load
WARNING: [Synth 8-7129] Port M_AXI_RDATA[2] in module scheduler_v1_0_M_AXI is either unconnected or has no load
WARNING: [Synth 8-7129] Port M_AXI_RDATA[1] in module scheduler_v1_0_M_AXI is either unconnected or has no load
WARNING: [Synth 8-7129] Port M_AXI_RDATA[0] in module scheduler_v1_0_M_AXI is either unconnected or has no load
WARNING: [Synth 8-7129] Port M_AXI_RRESP[1] in module scheduler_v1_0_M_AXI is either unconnected or has no load
WARNING: [Synth 8-7129] Port M_AXI_RRESP[0] in module scheduler_v1_0_M_AXI is either unconnected or has no load
WARNING: [Synth 8-7129] Port M_AXI_RVALID in module scheduler_v1_0_M_AXI is either unconnected or has no load
WARNING: [Synth 8-7129] Port criticalityX1[3] in module Comparator is either unconnected or has no load
WARNING: [Synth 8-7129] Port criticalityX1[2] in module Comparator is either unconnected or has no load
WARNING: [Synth 8-7129] Port criticalityX1[1] in module Comparator is either unconnected or has no load
WARNING: [Synth 8-7129] Port criticalityX1[0] in module Comparator is either unconnected or has no load
WARNING: [Synth 8-7129] Port criticalityX2[3] in module Comparator is either unconnected or has no load
WARNING: [Synth 8-7129] Port criticalityX2[2] in module Comparator is either unconnected or has no load
WARNING: [Synth 8-7129] Port criticalityX2[1] in module Comparator is either unconnected or has no load
WARNING: [Synth 8-7129] Port criticalityX2[0] in module Comparator is either unconnected or has no load
WARNING: [Synth 8-7129] Port led1 in module scheduler_v1_0_S_AXI is either unconnected or has no load
WARNING: [Synth 8-7129] Port led2 in module scheduler_v1_0_S_AXI is either unconnected or has no load
WARNING: [Synth 8-7129] Port led3 in module scheduler_v1_0_S_AXI is either unconnected or has no load
WARNING: [Synth 8-7129] Port led4 in module scheduler_v1_0_S_AXI is either unconnected or has no load
WARNING: [Synth 8-7129] Port led5 in module scheduler_v1_0_S_AXI is either unconnected or has no load
WARNING: [Synth 8-7129] Port failedTask[15] in module scheduler_v1_0_S_AXI is either unconnected or has no load
WARNING: [Synth 8-7129] Port failedTask[14] in module scheduler_v1_0_S_AXI is either unconnected or has no load
WARNING: [Synth 8-7129] Port failedTask[13] in module scheduler_v1_0_S_AXI is either unconnected or has no load
WARNING: [Synth 8-7129] Port failedTask[12] in module scheduler_v1_0_S_AXI is either unconnected or has no load
WARNING: [Synth 8-7129] Port failedTask[11] in module scheduler_v1_0_S_AXI is either unconnected or has no load
WARNING: [Synth 8-7129] Port failedTask[10] in module scheduler_v1_0_S_AXI is either unconnected or has no load
WARNING: [Synth 8-7129] Port failedTask[9] in module scheduler_v1_0_S_AXI is either unconnected or has no load
WARNING: [Synth 8-7129] Port failedTask[7] in module scheduler_v1_0_S_AXI is either unconnected or has no load
WARNING: [Synth 8-7129] Port failedTask[6] in module scheduler_v1_0_S_AXI is either unconnected or has no load
WARNING: [Synth 8-7129] Port failedTask[5] in module scheduler_v1_0_S_AXI is either unconnected or has no load
WARNING: [Synth 8-7129] Port failedTask[4] in module scheduler_v1_0_S_AXI is either unconnected or has no load
WARNING: [Synth 8-7129] Port failedTask[3] in module scheduler_v1_0_S_AXI is either unconnected or has no load
WARNING: [Synth 8-7129] Port failedTask[2] in module scheduler_v1_0_S_AXI is either unconnected or has no load
WARNING: [Synth 8-7129] Port failedTask[1] in module scheduler_v1_0_S_AXI is either unconnected or has no load
WARNING: [Synth 8-7129] Port S_AXI_AWPROT[2] in module scheduler_v1_0_S_AXI is either unconnected or has no load
WARNING: [Synth 8-7129] Port S_AXI_AWPROT[1] in module scheduler_v1_0_S_AXI is either unconnected or has no load
WARNING: [Synth 8-7129] Port S_AXI_AWPROT[0] in module scheduler_v1_0_S_AXI is either unconnected or has no load
WARNING: [Synth 8-7129] Port S_AXI_ARPROT[2] in module scheduler_v1_0_S_AXI is either unconnected or has no load
WARNING: [Synth 8-7129] Port S_AXI_ARPROT[1] in module scheduler_v1_0_S_AXI is either unconnected or has no load
WARNING: [Synth 8-7129] Port S_AXI_ARPROT[0] in module scheduler_v1_0_S_AXI is either unconnected or has no load
---------------------------------------------------------------------------------
Finished Synthesize : Time (s): cpu = 00:00:14 ; elapsed = 00:00:15 . Memory (MB): peak = 1803.703 ; gain = 541.707 ; free physical = 4845 ; free virtual = 14104
Synthesis current peak Physical Memory [PSS] (MB): peak = 1161.142; parent = 942.907; children = 218.234
Synthesis current peak Virtual Memory [VSS] (MB): peak = 2806.453; parent = 1803.707; children = 1002.746
---------------------------------------------------------------------------------
---------------------------------------------------------------------------------
Finished Constraint Validation : Time (s): cpu = 00:00:16 ; elapsed = 00:00:18 . Memory (MB): peak = 1818.547 ; gain = 556.551 ; free physical = 4860 ; free virtual = 14119
Synthesis current peak Physical Memory [PSS] (MB): peak = 1161.142; parent = 942.907; children = 218.234
Synthesis current peak Virtual Memory [VSS] (MB): peak = 2821.297; parent = 1818.551; children = 1002.746
---------------------------------------------------------------------------------
---------------------------------------------------------------------------------
Start Loading Part and Timing Information
---------------------------------------------------------------------------------
Loading part: xc7z020clg484-1
---------------------------------------------------------------------------------
Finished Loading Part and Timing Information : Time (s): cpu = 00:00:16 ; elapsed = 00:00:18 . Memory (MB): peak = 1826.551 ; gain = 564.555 ; free physical = 4859 ; free virtual = 14119
INFO: [Device 21-403] Loading part xc7z020clg484-1
Synthesis current peak Physical Memory [PSS] (MB): peak = 1161.142; parent = 942.907; children = 218.234
Synthesis current peak Virtual Memory [VSS] (MB): peak = 2829.301; parent = 1826.555; children = 1002.746
---------------------------------------------------------------------------------
---------------------------------------------------------------------------------
Start Preparing Guide Design
---------------------------------------------------------------------------------
---------------------------------------------------------------------------------
Finished Doing Graph Differ : Time (s): cpu = 00:00:20 ; elapsed = 00:00:20 . Memory (MB): peak = 1829.520 ; gain = 567.523 ; free physical = 4717 ; free virtual = 13978
Synthesis current peak Physical Memory [PSS] (MB): peak = 1225.370; parent = 1007.136; children = 218.234
Synthesis current peak Virtual Memory [VSS] (MB): peak = 2832.270; parent = 1829.523; children = 1002.746
---------------------------------------------------------------------------------
scheduler_v1_0_M_AXIscheduler_v1_0_S_AXI__GB5scheduler_v1_0_S_AXI__GB4scheduler_v1_0_S_AXI__GB3scheduler_v1_0_S_AXI__GB2scheduler_v1_0_S_AXI__GB1scheduler_v1_0_S_AXI__GB0---------------------------------------------------------------------------------
Finished Preparing Guide Design : Time (s): cpu = 00:00:23 ; elapsed = 00:00:21 . Memory (MB): peak = 1829.520 ; gain = 567.523 ; free physical = 4707 ; free virtual = 13968
Synthesis current peak Physical Memory [PSS] (MB): peak = 1232.435; parent = 1014.200; children = 218.234
Synthesis current peak Virtual Memory [VSS] (MB): peak = 2832.270; parent = 1829.523; children = 1002.746
---------------------------------------------------------------------------------
---------------------------------------------------------------------------------
Finished RTL Optimization Phase 2 : Time (s): cpu = 00:00:25 ; elapsed = 00:00:22 . Memory (MB): peak = 1829.520 ; gain = 567.523 ; free physical = 4704 ; free virtual = 13965
Synthesis current peak Physical Memory [PSS] (MB): peak = 1240.806; parent = 1022.571; children = 218.234
Synthesis current peak Virtual Memory [VSS] (MB): peak = 2832.270; parent = 1829.523; children = 1002.746
---------------------------------------------------------------------------------
---------------------------------------------------------------------------------
Start Mimic Skeleton from Reference
---------------------------------------------------------------------------------
---------------------------------------------------------------------------------
Finished Mimic Skeleton from Reference : Time (s): cpu = 00:00:27 ; elapsed = 00:00:23 . Memory (MB): peak = 1829.520 ; gain = 567.523 ; free physical = 4688 ; free virtual = 13950
Synthesis current peak Physical Memory [PSS] (MB): peak = 1254.390; parent = 1036.155; children = 218.234
Synthesis current peak Virtual Memory [VSS] (MB): peak = 2832.270; parent = 1829.523; children = 1002.746
---------------------------------------------------------------------------------


Incremental Synthesis Report Summary:

1. Incremental synthesis run: yes

   Stitch points used : changed


2. Change Summary

Report Incremental Modules: 
+-+----------------+------------+----------+----------+
| |Changed Modules |Replication |Instances |Changed % |
+-+----------------+------------+----------+----------+
+-+----------------+------------+----------+----------+


   Full Design Size (number of cells) : 138124
   Resynthesis Design Size (number of cells) : 0
   Resynth % : 0.0000,  Reuse % : 100.0000

3. Reference Checkpoint Information

+-------------------------------------------------------------------------------------------------------------------+
| DCP Location:  | /home/bosp/workspace/ip_repo/edit_scheduler_v1_0.srcs/utils_1/imports/synth_1/scheduler_v1_0.dcp |
+-------------------------------------------------------------------------------------------------------------------+


+--------------------------------+------------------------------+
|         DCP Information        |             Value            |
+--------------------------------+------------------------------+
| Vivado Version                 |                    v2022.2 |
| DCP State                      |                              |
+--------------------------------+------------------------------+



Report RTL Partitions: 
+------+----------------------------------+------------+----------+
|      |RTL Partition                     |Replication |Instances |
+------+----------------------------------+------------+----------+
|1     |scheduler_v1_0_S_AXI__GB0_#REUSE# |           1|         0|
|2     |scheduler_v1_0_S_AXI__GB1_#REUSE# |           1|         0|
|3     |scheduler_v1_0_S_AXI__GB2_#REUSE# |           1|         0|
|4     |scheduler_v1_0_S_AXI__GB3_#REUSE# |           1|         0|
|5     |scheduler_v1_0_S_AXI__GB4_#REUSE# |           1|         0|
|6     |scheduler_v1_0_S_AXI__GB5_#REUSE# |           1|         0|
|7     |scheduler_v1_0_M_AXI_#REUSE#      |           1|         0|
+------+----------------------------------+------------+----------+
No constraint files found.
---------------------------------------------------------------------------------
Start RTL Component Statistics 
---------------------------------------------------------------------------------
Detailed RTL Component Info : 
---------------------------------------------------------------------------------
Finished RTL Component Statistics 
---------------------------------------------------------------------------------
---------------------------------------------------------------------------------
Start Part Resource Summary
---------------------------------------------------------------------------------
Part Resources:
DSPs: 220 (col length:60)
BRAMs: 280 (col length: RAMB18 60 RAMB36 30)
---------------------------------------------------------------------------------
Finished Part Resource Summary
---------------------------------------------------------------------------------
No constraint files found.
---------------------------------------------------------------------------------
Start Cross Boundary and Area Optimization
---------------------------------------------------------------------------------
WARNING: [Synth 8-7080] Parallel synthesis criteria is not met
WARNING: [Synth 8-7077] IncrSyn: subsequent runs will still be incremental as the reference run was parallel and that data is reused
WARNING: [Synth 8-7129] Port led1 in module scheduler_v1_0_S_AXI is either unconnected or has no load
WARNING: [Synth 8-7129] Port led2 in module scheduler_v1_0_S_AXI is either unconnected or has no load
WARNING: [Synth 8-7129] Port led3 in module scheduler_v1_0_S_AXI is either unconnected or has no load
WARNING: [Synth 8-7129] Port led4 in module scheduler_v1_0_S_AXI is either unconnected or has no load
WARNING: [Synth 8-7129] Port led5 in module scheduler_v1_0_S_AXI is either unconnected or has no load
WARNING: [Synth 8-7129] Port S_AXI_AWPROT[2] in module scheduler_v1_0_S_AXI is either unconnected or has no load
WARNING: [Synth 8-7129] Port S_AXI_AWPROT[1] in module scheduler_v1_0_S_AXI is either unconnected or has no load
WARNING: [Synth 8-7129] Port S_AXI_AWPROT[0] in module scheduler_v1_0_S_AXI is either unconnected or has no load
WARNING: [Synth 8-7129] Port S_AXI_ARPROT[2] in module scheduler_v1_0_S_AXI is either unconnected or has no load
WARNING: [Synth 8-7129] Port S_AXI_ARPROT[1] in module scheduler_v1_0_S_AXI is either unconnected or has no load
WARNING: [Synth 8-7129] Port S_AXI_ARPROT[0] in module scheduler_v1_0_S_AXI is either unconnected or has no load
---------------------------------------------------------------------------------
Finished Cross Boundary and Area Optimization : Time (s): cpu = 00:00:33 ; elapsed = 00:00:28 . Memory (MB): peak = 1942.457 ; gain = 680.461 ; free physical = 4529 ; free virtual = 13819
Synthesis current peak Physical Memory [PSS] (MB): peak = 1386.054; parent = 1167.851; children = 218.234
Synthesis current peak Virtual Memory [VSS] (MB): peak = 2945.207; parent = 1942.461; children = 1002.746
---------------------------------------------------------------------------------
No constraint files found.
---------------------------------------------------------------------------------
Start Stitch Unchanged AreaOpt Partitions
---------------------------------------------------------------------------------
---------------------------------------------------------------------------------
Finished Stitch Unchanged AreaOpt Partitions : Time (s): cpu = 00:00:34 ; elapsed = 00:00:29 . Memory (MB): peak = 1942.457 ; gain = 680.461 ; free physical = 4507 ; free virtual = 13797
Synthesis current peak Physical Memory [PSS] (MB): peak = 1408.663; parent = 1190.460; children = 218.234
Synthesis current peak Virtual Memory [VSS] (MB): peak = 2945.207; parent = 1942.461; children = 1002.746
---------------------------------------------------------------------------------
---------------------------------------------------------------------------------
Start Timing Optimization
---------------------------------------------------------------------------------
---------------------------------------------------------------------------------
Finished Timing Optimization : Time (s): cpu = 00:00:35 ; elapsed = 00:00:30 . Memory (MB): peak = 1942.457 ; gain = 680.461 ; free physical = 4489 ; free virtual = 13795
Synthesis current peak Physical Memory [PSS] (MB): peak = 1408.663; parent = 1190.460; children = 218.234
Synthesis current peak Virtual Memory [VSS] (MB): peak = 2945.207; parent = 1942.461; children = 1002.746
---------------------------------------------------------------------------------
---------------------------------------------------------------------------------
Start Technology Mapping
---------------------------------------------------------------------------------
WARNING: [Synth 8-7080] Parallel synthesis criteria is not met
WARNING: [Synth 8-7077] IncrSyn: subsequent runs will still be incremental as the reference run was parallel and that data is reused
---------------------------------------------------------------------------------
Finished Technology Mapping : Time (s): cpu = 00:00:35 ; elapsed = 00:00:30 . Memory (MB): peak = 1950.465 ; gain = 688.469 ; free physical = 4490 ; free virtual = 13797
Synthesis current peak Physical Memory [PSS] (MB): peak = 1408.663; parent = 1190.460; children = 218.234
Synthesis current peak Virtual Memory [VSS] (MB): peak = 2953.215; parent = 1950.469; children = 1002.746
---------------------------------------------------------------------------------
---------------------------------------------------------------------------------
Start Stitch Unchanged Partitions
---------------------------------------------------------------------------------
---------------------------------------------------------------------------------
Finished Stitch Unchanged Partitions : Time (s): cpu = 00:00:35 ; elapsed = 00:00:31 . Memory (MB): peak = 1950.465 ; gain = 688.469 ; free physical = 4482 ; free virtual = 13789
Synthesis current peak Physical Memory [PSS] (MB): peak = 1417.487; parent = 1199.284; children = 218.234
Synthesis current peak Virtual Memory [VSS] (MB): peak = 2953.215; parent = 1950.469; children = 1002.746
---------------------------------------------------------------------------------
---------------------------------------------------------------------------------
Start IO Insertion
---------------------------------------------------------------------------------
---------------------------------------------------------------------------------
Start Flattening Before IO Insertion
---------------------------------------------------------------------------------
---------------------------------------------------------------------------------
Finished Flattening Before IO Insertion
---------------------------------------------------------------------------------
---------------------------------------------------------------------------------
Start Final Netlist Cleanup
---------------------------------------------------------------------------------
---------------------------------------------------------------------------------
Finished Final Netlist Cleanup
---------------------------------------------------------------------------------
---------------------------------------------------------------------------------
Finished IO Insertion : Time (s): cpu = 00:00:47 ; elapsed = 00:00:43 . Memory (MB): peak = 1967.418 ; gain = 705.422 ; free physical = 4434 ; free virtual = 13763
Synthesis current peak Physical Memory [PSS] (MB): peak = 1426.343; parent = 1208.140; children = 218.234
Synthesis current peak Virtual Memory [VSS] (MB): peak = 2970.168; parent = 1967.422; children = 1002.746
---------------------------------------------------------------------------------
---------------------------------------------------------------------------------
Start Renaming Generated Instances
---------------------------------------------------------------------------------
---------------------------------------------------------------------------------
Finished Renaming Generated Instances : Time (s): cpu = 00:00:47 ; elapsed = 00:00:43 . Memory (MB): peak = 1967.418 ; gain = 705.422 ; free physical = 4434 ; free virtual = 13763
Synthesis current peak Physical Memory [PSS] (MB): peak = 1426.362; parent = 1208.159; children = 218.234
Synthesis current peak Virtual Memory [VSS] (MB): peak = 2970.168; parent = 1967.422; children = 1002.746
---------------------------------------------------------------------------------
---------------------------------------------------------------------------------
Start Rebuilding User Hierarchy
---------------------------------------------------------------------------------
---------------------------------------------------------------------------------
Finished Rebuilding User Hierarchy : Time (s): cpu = 00:00:48 ; elapsed = 00:00:44 . Memory (MB): peak = 1967.418 ; gain = 705.422 ; free physical = 4434 ; free virtual = 13763
Synthesis current peak Physical Memory [PSS] (MB): peak = 1427.288; parent = 1209.085; children = 218.234
Synthesis current peak Virtual Memory [VSS] (MB): peak = 2970.168; parent = 1967.422; children = 1002.746
---------------------------------------------------------------------------------
---------------------------------------------------------------------------------
Start Renaming Generated Ports
---------------------------------------------------------------------------------
---------------------------------------------------------------------------------
Finished Renaming Generated Ports : Time (s): cpu = 00:00:48 ; elapsed = 00:00:44 . Memory (MB): peak = 1967.418 ; gain = 705.422 ; free physical = 4434 ; free virtual = 13763
Synthesis current peak Physical Memory [PSS] (MB): peak = 1427.351; parent = 1209.147; children = 218.234
Synthesis current peak Virtual Memory [VSS] (MB): peak = 2970.168; parent = 1967.422; children = 1002.746
---------------------------------------------------------------------------------
---------------------------------------------------------------------------------
Start Handling Custom Attributes
---------------------------------------------------------------------------------
---------------------------------------------------------------------------------
Finished Handling Custom Attributes : Time (s): cpu = 00:00:49 ; elapsed = 00:00:45 . Memory (MB): peak = 1967.418 ; gain = 705.422 ; free physical = 4434 ; free virtual = 13763
Synthesis current peak Physical Memory [PSS] (MB): peak = 1427.671; parent = 1209.468; children = 218.234
Synthesis current peak Virtual Memory [VSS] (MB): peak = 2970.168; parent = 1967.422; children = 1002.746
---------------------------------------------------------------------------------
---------------------------------------------------------------------------------
Start Renaming Generated Nets
---------------------------------------------------------------------------------
---------------------------------------------------------------------------------
Finished Renaming Generated Nets : Time (s): cpu = 00:00:49 ; elapsed = 00:00:46 . Memory (MB): peak = 1967.418 ; gain = 705.422 ; free physical = 4434 ; free virtual = 13763
Synthesis current peak Physical Memory [PSS] (MB): peak = 1427.702; parent = 1209.499; children = 218.234
Synthesis current peak Virtual Memory [VSS] (MB): peak = 2970.168; parent = 1967.422; children = 1002.746
---------------------------------------------------------------------------------
---------------------------------------------------------------------------------
Start Writing Synthesis Report
---------------------------------------------------------------------------------

Report BlackBoxes: 
+-+--------------+----------+
| |BlackBox name |Instances |
+-+--------------+----------+
+-+--------------+----------+

Report Cell Usage: 
+------+---------+------+
|      |Cell     |Count |
+------+---------+------+
|1     |BUFG     |     3|
|2     |CARRY4   |   532|
|3     |LUT1     |   769|
|4     |LUT2     |   958|
|5     |LUT3     |  2743|
|6     |LUT4     |  2785|
|7     |LUT5     |  3626|
|8     |LUT6     |  5883|
|9     |MUXF7    |   821|
|10    |MUXF8    |   107|
|11    |RAM32M   |    10|
|12    |RAM32X1D |     4|
|13    |FDRE     |  6101|
|14    |FDSE     |    22|
|15    |LD       |     3|
|16    |LDC      |    32|
|17    |IBUF     |    77|
|18    |OBUF     |   158|
|19    |OBUFT    |     5|
+------+---------+------+

Report Instance Areas: 
+------+----------------------------------+---------------------+------+
|      |Instance                          |Module               |Cells |
+------+----------------------------------+---------------------+------+
|1     |top                               |                     | 24639|
|2     |  scheduler_v1_0_S_AXI_inst       |scheduler_v1_0_S_AXI | 24305|
|3     |    \Comp[3].InternalComp[0].cl1  |Comparator           |    72|
|4     |  scheduler_v1_0_M_AXI_inst       |scheduler_v1_0_M_AXI |    91|
+------+----------------------------------+---------------------+------+
---------------------------------------------------------------------------------
Finished Writing Synthesis Report : Time (s): cpu = 00:00:49 ; elapsed = 00:00:46 . Memory (MB): peak = 1967.418 ; gain = 705.422 ; free physical = 4434 ; free virtual = 13763
Synthesis current peak Physical Memory [PSS] (MB): peak = 1427.733; parent = 1209.530; children = 218.234
Synthesis current peak Virtual Memory [VSS] (MB): peak = 2970.168; parent = 1967.422; children = 1002.746
---------------------------------------------------------------------------------
Synthesis finished with 0 errors, 0 critical warnings and 156 warnings.
Synthesis Optimization Runtime : Time (s): cpu = 00:00:49 ; elapsed = 00:00:46 . Memory (MB): peak = 1967.418 ; gain = 705.422 ; free physical = 4434 ; free virtual = 13763
Synthesis Optimization Complete : Time (s): cpu = 00:00:49 ; elapsed = 00:00:46 . Memory (MB): peak = 1967.426 ; gain = 705.422 ; free physical = 4434 ; free virtual = 13763
INFO: [Project 1-571] Translating synthesized netlist
Netlist sorting complete. Time (s): cpu = 00:00:00.32 ; elapsed = 00:00:00.31 . Memory (MB): peak = 1981.293 ; gain = 0.000 ; free physical = 4535 ; free virtual = 13865
INFO: [Netlist 29-17] Analyzing 1509 Unisim elements for replacement
INFO: [Netlist 29-28] Unisim Transformation completed in 0 CPU seconds
WARNING: [Netlist 29-101] Netlist 'scheduler_v1_0' is not ideal for floorplanning, since the cellview 'scheduler_v1_0_S_AXI' contains a large number of primitives.  Please consider enabling hierarchy in synthesis if you want to do floorplanning.
INFO: [Project 1-570] Preparing netlist for logic optimization
INFO: [Opt 31-138] Pushed 0 inverter(s) to 0 load pin(s).
Netlist sorting complete. Time (s): cpu = 00:00:00 ; elapsed = 00:00:00 . Memory (MB): peak = 2092.934 ; gain = 0.000 ; free physical = 4452 ; free virtual = 13781
INFO: [Project 1-111] Unisim Transformation Summary:
  A total of 49 instances were transformed.
  LD => LDCE: 3 instances
  LDC => LDCE: 32 instances
  RAM32M => RAM32M (RAMD32(x6), RAMS32(x2)): 10 instances
  RAM32X1D => RAM32X1D (RAMD32(x2)): 4 instances

Synth Design complete, checksum: 1bb4a96c
INFO: [Common 17-83] Releasing license: Synthesis
35 Infos, 161 Warnings, 0 Critical Warnings and 0 Errors encountered.
synth_design completed successfully
synth_design: Time (s): cpu = 00:01:07 ; elapsed = 00:00:56 . Memory (MB): peak = 2092.934 ; gain = 830.938 ; free physical = 4675 ; free virtual = 14004
INFO: [Common 17-1381] The checkpoint '/home/bosp/workspace/ip_repo/edit_scheduler_v1_0.runs/synth_1/scheduler_v1_0.dcp' has been generated.
write_checkpoint: Time (s): cpu = 00:00:07 ; elapsed = 00:00:06 . Memory (MB): peak = 2164.969 ; gain = 72.035 ; free physical = 4640 ; free virtual = 13985
INFO: [runtcl-4] Executing : report_utilization -file scheduler_v1_0_utilization_synth.rpt -pb scheduler_v1_0_utilization_synth.pb
INFO: [Common 17-206] Exiting Vivado at Wed Feb  1 15:56:57 2023...
