Copyright 1986-2021 Xilinx, Inc. All Rights Reserved.
---------------------------------------------------------------------------------------------------------------------------------------------------------
| Tool Version : Vivado v.2021.2 (lin64) Build 3367213 Tue Oct 19 02:47:39 MDT 2021
| Date         : Fri Jul 29 17:13:03 2022
| Host         : HeapAsus running 64-bit Ubuntu Kinetic Kudu (development branch)
| Command      : report_drc -file next_task_handler_v1_0_drc_opted.rpt -pb next_task_handler_v1_0_drc_opted.pb -rpx next_task_handler_v1_0_drc_opted.rpx
| Design       : next_task_handler_v1_0
| Device       : xc7z100ffg900-1
| Speed File   : -1
| Design State : Synthesized
---------------------------------------------------------------------------------------------------------------------------------------------------------

Report DRC

Table of Contents
-----------------
1. REPORT SUMMARY
2. REPORT DETAILS

1. REPORT SUMMARY
-----------------
            Netlist: netlist
          Floorplan: design_1
      Design limits: <entire design considered>
           Ruledeck: default
             Max violations: <unlimited>
             Violations found: 4
+--------+------------------+----------------------------+------------+
| Rule   | Severity         | Description                | Violations |
+--------+------------------+----------------------------+------------+
| NSTD-1 | Critical Warning | Unspecified I/O Standard   | 1          |
| UCIO-1 | Critical Warning | Unconstrained Logical Port | 1          |
| IOSR-1 | Warning          | IOB set reset sharing      | 1          |
| ZPS7-1 | Warning          | PS7 block required         | 1          |
+--------+------------------+----------------------------+------------+

2. REPORT DETAILS
-----------------
NSTD-1#1 Critical Warning
Unspecified I/O Standard  
296 out of 296 logical ports use I/O standard (IOSTANDARD) value 'DEFAULT', instead of a user assigned specific value. This may cause I/O contention or incompatibility with the board power or connectivity affecting performance, signal integrity or in extreme cases cause damage to the device or the components to which it is connected. To correct this violation, specify all I/O standards. This design will fail to generate a bitstream unless all logical ports have a user specified I/O standard value defined. To allow bitstream creation with unspecified I/O standard values (not recommended), use this command: set_property SEVERITY {Warning} [get_drc_checks NSTD-1].  NOTE: When using the Vivado Runs infrastructure (e.g. launch_runs Tcl command), add this command to a .tcl file and add that file as a pre-hook for write_bitstream step for the implementation run. Problem ports: M_AXI_ARADDR[31:0], M_AXI_ARPROT[2:0], M_AXI_AWADDR[31:0],
M_AXI_AWPROT[2:0], M_AXI_WDATA[31:0], M_AXI_WSTRB[3:0], nextTaskPtr[31:0],
s00_axi_araddr[2], s00_axi_araddr[3], s00_axi_awaddr[2], s00_axi_awaddr[3],
s00_axi_bresp[1:0], s00_axi_rdata[31:0], s00_axi_rresp[1:0],
s00_axi_wdata[31:0] (the first 15 of 65 listed).
Related violations: <none>

UCIO-1#1 Critical Warning
Unconstrained Logical Port  
296 out of 296 logical ports have no user assigned specific location constraint (LOC). This may cause I/O contention or incompatibility with the board power or connectivity affecting performance, signal integrity or in extreme cases cause damage to the device or the components to which it is connected. To correct this violation, specify all pin locations. This design will fail to generate a bitstream unless all logical ports have a user specified site LOC constraint defined.  To allow bitstream creation with unspecified pin locations (not recommended), use this command: set_property SEVERITY {Warning} [get_drc_checks UCIO-1].  NOTE: When using the Vivado Runs infrastructure (e.g. launch_runs Tcl command), add this command to a .tcl file and add that file as a pre-hook for write_bitstream step for the implementation run.  Problem ports: M_AXI_ARADDR[31:0], M_AXI_ARPROT[2:0], M_AXI_AWADDR[31:0],
M_AXI_AWPROT[2:0], M_AXI_WDATA[31:0], M_AXI_WSTRB[3:0], nextTaskPtr[31:0],
s00_axi_araddr[2], s00_axi_araddr[3], s00_axi_awaddr[2], s00_axi_awaddr[3],
s00_axi_bresp[1:0], s00_axi_rdata[31:0], s00_axi_rresp[1:0],
s00_axi_wdata[31:0] (the first 15 of 65 listed).
Related violations: <none>

IOSR-1#1 Warning
IOB set reset sharing  
IO s_axi_intr_wdata[0] connects to flops which have these next_task_handler_v1_0_S_AXI_INTR_inst/gen_intr_reg[0].reg_intr_ack[0]_i_1_n_0
next_task_handler_v1_0_S_AXI_INTR_inst/reg_data_out0 set/reset signals.  For optimal IOB flop packing there should be only one set/reset signal coming into the IOB.
Related violations: <none>

ZPS7-1#1 Warning
PS7 block required  
The PS7 cell must be used in this Zynq design in order to enable correct default configuration.
Related violations: <none>


